2023-04-25T17:00:59+00:00 CRITICAL Uncaught TypeError: Illegal offset type in isset or empty in C:\Users\Administrator\Local Sites\harmonie\app\public\wp-content\plugins\advanced-custom-fields-pro-master\includes\class-acf-data.php:125
Stack trace:
#0 C:\Users\Administrator\Local Sites\harmonie\app\public\wp-content\plugins\advanced-custom-fields-pro-master\includes\local-fields.php(448): ACF_Data->is(Array)
#1 C:\Users\Administrator\Local Sites\harmonie\app\public\wp-content\plugins\advanced-custom-fields-pro-master\includes\local-fields.php(528): acf_is_local_field_key(Array)
#2 C:\Users\Administrator\Local Sites\harmonie\app\public\wp-includes\class-wp-hook.php(308): _acf_apply_is_local_field_key(false, Array)
#3 C:\Users\Administrator\Local Sites\harmonie\app\public\wp-includes\plugin.php(205): WP_Hook->apply_filters(false, Array)
#4 C:\Users\Administrator\Local Sites\harmonie\app\public\wp-content\plugins\advanced-custom-fields-pro-master\includes\acf-field-functions.php(195): apply_filters('acf/is_field_ke...', false, Array)
#5 C:\Users\Administrator\Local Sites\harmonie\app\public\wp-content\plugins\advanced-custom-fields-pro-master\includes\api\api-template.php(171): acf_is_field_key(Array)
#6 C:\Users\Administrator\Local Sites\harmonie\app\public\wp-content\plugins\advanced-custom-fields-pro-master\includes\api\api-template.php(121): acf_maybe_get_field(Array, 206)
#7 C:\Users\Administrator\Local Sites\harmonie\app\public\wp-content\plugins\advanced-custom-fields-pro-master\includes\api\api-template.php(453): get_field_object(Array, 206, false)
#8 C:\Users\Administrator\Local Sites\harmonie\app\public\wp-content\themes\Harmonie\template-parts\home\prod-slider.php(17): have_rows(Array)
#9 C:\Users\Administrator\Local Sites\harmonie\app\public\wp-includes\template.php(785): require('C:\\Users\\Admini...')
#10 C:\Users\Administrator\Local Sites\harmonie\app\public\wp-includes\template.php(718): load_template('C:\\Users\\Admini...', false, Array)
#11 C:\Users\Administrator\Local Sites\harmonie\app\public\wp-includes\general-template.php(204): locate_template(Array, true, false, Array)
#12 C:\Users\Administrator\Local Sites\harmonie\app\public\wp-content\themes\Harmonie\front-page.php(22): get_template_part('template-parts/...', '', Array)
#13 C:\Users\Administrator\Local Sites\harmonie\app\public\wp-includes\template-loader.php(106): include('C:\\Users\\Admini...')
#14 C:\Users\Administrator\Local Sites\harmonie\app\public\wp-blog-header.php(19): require_once('C:\\Users\\Admini...')
#15 C:\Users\Administrator\Local Sites\harmonie\app\public\index.php(17): require('C:\\Users\\Admini...')
#16 {main}
  thrown in C:\Users\Administrator\Local Sites\harmonie\app\public\wp-content\plugins\advanced-custom-fields-pro-master\includes\class-acf-data.php on line 125

2023-04-25T17:07:48+00:00 CRITICAL Uncaught TypeError: Illegal offset type in isset or empty in C:\Users\Administrator\Local Sites\harmonie\app\public\wp-content\plugins\advanced-custom-fields-pro-master\includes\class-acf-data.php:125
Stack trace:
#0 C:\Users\Administrator\Local Sites\harmonie\app\public\wp-content\plugins\advanced-custom-fields-pro-master\includes\local-fields.php(448): ACF_Data->is(Array)
#1 C:\Users\Administrator\Local Sites\harmonie\app\public\wp-content\plugins\advanced-custom-fields-pro-master\includes\local-fields.php(528): acf_is_local_field_key(Array)
#2 C:\Users\Administrator\Local Sites\harmonie\app\public\wp-includes\class-wp-hook.php(308): _acf_apply_is_local_field_key(false, Array)
#3 C:\Users\Administrator\Local Sites\harmonie\app\public\wp-includes\plugin.php(205): WP_Hook->apply_filters(false, Array)
#4 C:\Users\Administrator\Local Sites\harmonie\app\public\wp-content\plugins\advanced-custom-fields-pro-master\includes\acf-field-functions.php(195): apply_filters('acf/is_field_ke...', false, Array)
#5 C:\Users\Administrator\Local Sites\harmonie\app\public\wp-content\plugins\advanced-custom-fields-pro-master\includes\api\api-template.php(171): acf_is_field_key(Array)
#6 C:\Users\Administrator\Local Sites\harmonie\app\public\wp-content\plugins\advanced-custom-fields-pro-master\includes\api\api-template.php(121): acf_maybe_get_field(Array, 206)
#7 C:\Users\Administrator\Local Sites\harmonie\app\public\wp-content\plugins\advanced-custom-fields-pro-master\includes\api\api-template.php(453): get_field_object(Array, 206, false)
#8 C:\Users\Administrator\Local Sites\harmonie\app\public\wp-content\themes\Harmonie\template-parts\home\prod-slider.php(17): have_rows(Array)
#9 C:\Users\Administrator\Local Sites\harmonie\app\public\wp-includes\template.php(785): require('C:\\Users\\Admini...')
#10 C:\Users\Administrator\Local Sites\harmonie\app\public\wp-includes\template.php(718): load_template('C:\\Users\\Admini...', false, Array)
#11 C:\Users\Administrator\Local Sites\harmonie\app\public\wp-includes\general-template.php(204): locate_template(Array, true, false, Array)
#12 C:\Users\Administrator\Local Sites\harmonie\app\public\wp-content\themes\Harmonie\front-page.php(22): get_template_part('template-parts/...', '', Array)
#13 C:\Users\Administrator\Local Sites\harmonie\app\public\wp-includes\template-loader.php(106): include('C:\\Users\\Admini...')
#14 C:\Users\Administrator\Local Sites\harmonie\app\public\wp-blog-header.php(19): require_once('C:\\Users\\Admini...')
#15 C:\Users\Administrator\Local Sites\harmonie\app\public\index.php(17): require('C:\\Users\\Admini...')
#16 {main}
  thrown in C:\Users\Administrator\Local Sites\harmonie\app\public\wp-content\plugins\advanced-custom-fields-pro-master\includes\class-acf-data.php on line 125

