2023-05-03T12:57:45+00:00 CRITICAL Uncaught Error: Object of class WP_Post could not be converted to string in C:\Users\Administrator\Local Sites\harmonie\app\public\wp-content\themes\Harmonie\template-parts\header\menu.php:9
Stack trace:
#0 C:\Users\Administrator\Local Sites\harmonie\app\public\wp-includes\template.php(785): require()
#1 C:\Users\Administrator\Local Sites\harmonie\app\public\wp-includes\template.php(718): load_template('C:\\Users\\Admini...', false, Array)
#2 C:\Users\Administrator\Local Sites\harmonie\app\public\wp-includes\general-template.php(204): locate_template(Array, true, false, Array)
#3 C:\Users\Administrator\Local Sites\harmonie\app\public\wp-content\themes\Harmonie\header.php(122): get_template_part('template-parts/...')
#4 C:\Users\Administrator\Local Sites\harmonie\app\public\wp-includes\template.php(783): require_once('C:\\Users\\Admini...')
#5 C:\Users\Administrator\Local Sites\harmonie\app\public\wp-includes\template.php(718): load_template('C:\\Users\\Admini...', true, Array)
#6 C:\Users\Administrator\Local Sites\harmonie\app\public\wp-includes\general-template.php(48): locate_template(Array, true, true, Array)
#7 C:\Users\Administrator\Local Sites\harmonie\app\public\wp-content\themes\Harmonie\front-page.php(2): get_header()
#8 C:\Users\Administrator\Local Sites\harmonie\app\public\wp-includes\template-loader.php(106): include('C:\\Users\\Admini...')
#9 C:\Users\Administrator\Local Sites\harmonie\app\public\wp-blog-header.php(19): require_once('C:\\Users\\Admini...')
#10 C:\Users\Administrator\Local Sites\harmonie\app\public\index.php(17): require('C:\\Users\\Admini...')
#11 {main}
  thrown in C:\Users\Administrator\Local Sites\harmonie\app\public\wp-content\themes\Harmonie\template-parts\header\menu.php on line 9

2023-05-03T13:00:34+00:00 CRITICAL Uncaught Error: Object of class WP_Term could not be converted to string in C:\Users\Administrator\Local Sites\harmonie\app\public\wp-content\themes\Harmonie\template-parts\header\menu.php:9
Stack trace:
#0 C:\Users\Administrator\Local Sites\harmonie\app\public\wp-includes\template.php(785): require()
#1 C:\Users\Administrator\Local Sites\harmonie\app\public\wp-includes\template.php(718): load_template('C:\\Users\\Admini...', false, Array)
#2 C:\Users\Administrator\Local Sites\harmonie\app\public\wp-includes\general-template.php(204): locate_template(Array, true, false, Array)
#3 C:\Users\Administrator\Local Sites\harmonie\app\public\wp-content\themes\Harmonie\header.php(122): get_template_part('template-parts/...')
#4 C:\Users\Administrator\Local Sites\harmonie\app\public\wp-includes\template.php(783): require_once('C:\\Users\\Admini...')
#5 C:\Users\Administrator\Local Sites\harmonie\app\public\wp-includes\template.php(718): load_template('C:\\Users\\Admini...', true, Array)
#6 C:\Users\Administrator\Local Sites\harmonie\app\public\wp-includes\general-template.php(48): locate_template(Array, true, true, Array)
#7 C:\Users\Administrator\Local Sites\harmonie\app\public\wp-content\themes\Harmonie\woocommerce\archive-product.php(4): get_header()
#8 C:\Users\Administrator\Local Sites\harmonie\app\public\wp-content\plugins\woocommerce\includes\wc-core-functions.php(345): include('C:\\Users\\Admini...')
#9 C:\Users\Administrator\Local Sites\harmonie\app\public\wp-content\plugins\woocommerce\templates\taxonomy-product-cat.php(22): wc_get_template('archive-product...')
#10 C:\Users\Administrator\Local Sites\harmonie\app\public\wp-includes\template-loader.php(106): include('C:\\Users\\Admini...')
#11 C:\Users\Administrator\Local Sites\harmonie\app\public\wp-blog-header.php(19): require_once('C:\\Users\\Admini...')
#12 C:\Users\Administrator\Local Sites\harmonie\app\public\index.php(17): require('C:\\Users\\Admini...')
#13 {main}
  thrown in C:\Users\Administrator\Local Sites\harmonie\app\public\wp-content\themes\Harmonie\template-parts\header\menu.php on line 9

2023-05-03T13:14:14+00:00 CRITICAL Uncaught Error: Object of class WP_Term could not be converted to string in C:\Users\Administrator\Local Sites\harmonie\app\public\wp-content\themes\Harmonie\inc\my-functions\mini-functions.php:41
Stack trace:
#0 C:\Users\Administrator\Local Sites\harmonie\app\public\wp-content\themes\Harmonie\template-parts\header\menu.php(9): testfunction()
#1 C:\Users\Administrator\Local Sites\harmonie\app\public\wp-includes\template.php(785): require('C:\\Users\\Admini...')
#2 C:\Users\Administrator\Local Sites\harmonie\app\public\wp-includes\template.php(718): load_template('C:\\Users\\Admini...', false, Array)
#3 C:\Users\Administrator\Local Sites\harmonie\app\public\wp-includes\general-template.php(204): locate_template(Array, true, false, Array)
#4 C:\Users\Administrator\Local Sites\harmonie\app\public\wp-content\themes\Harmonie\header.php(122): get_template_part('template-parts/...')
#5 C:\Users\Administrator\Local Sites\harmonie\app\public\wp-includes\template.php(783): require_once('C:\\Users\\Admini...')
#6 C:\Users\Administrator\Local Sites\harmonie\app\public\wp-includes\template.php(718): load_template('C:\\Users\\Admini...', true, Array)
#7 C:\Users\Administrator\Local Sites\harmonie\app\public\wp-includes\general-template.php(48): locate_template(Array, true, true, Array)
#8 C:\Users\Administrator\Local Sites\harmonie\app\public\wp-content\themes\Harmonie\woocommerce\archive-product.php(4): get_header()
#9 C:\Users\Administrator\Local Sites\harmonie\app\public\wp-content\plugins\woocommerce\includes\wc-core-functions.php(345): include('C:\\Users\\Admini...')
#10 C:\Users\Administrator\Local Sites\harmonie\app\public\wp-content\plugins\woocommerce\templates\taxonomy-product-cat.php(22): wc_get_template('archive-product...')
#11 C:\Users\Administrator\Local Sites\harmonie\app\public\wp-includes\template-loader.php(106): include('C:\\Users\\Admini...')
#12 C:\Users\Administrator\Local Sites\harmonie\app\public\wp-blog-header.php(19): require_once('C:\\Users\\Admini...')
#13 C:\Users\Administrator\Local Sites\harmonie\app\public\index.php(17): require('C:\\Users\\Admini...')
#14 {main}
  thrown in C:\Users\Administrator\Local Sites\harmonie\app\public\wp-content\themes\Harmonie\inc\my-functions\mini-functions.php on line 41

2023-05-03T14:57:50+00:00 CRITICAL Uncaught Error: Call to undefined method WP_Post::get_id() in C:\Users\Administrator\Local Sites\harmonie\app\public\wp-content\themes\Harmonie\inc\customizer\footer-offer.php:35
Stack trace:
#0 C:\Users\Administrator\Local Sites\harmonie\app\public\wp-content\themes\Harmonie\inc\customizer\customizer.php(15): require()
#1 C:\Users\Administrator\Local Sites\harmonie\app\public\wp-includes\class-wp-hook.php(308): harmonie_customizer_register(Object(WP_Customize_Manager))
#2 C:\Users\Administrator\Local Sites\harmonie\app\public\wp-includes\class-wp-hook.php(332): WP_Hook->apply_filters(NULL, Array)
#3 C:\Users\Administrator\Local Sites\harmonie\app\public\wp-includes\plugin.php(517): WP_Hook->do_action(Array)
#4 C:\Users\Administrator\Local Sites\harmonie\app\public\wp-includes\class-wp-customize-manager.php(934): do_action('customize_regis...', Object(WP_Customize_Manager))
#5 C:\Users\Administrator\Local Sites\harmonie\app\public\wp-includes\class-wp-hook.php(308): WP_Customize_Manager->wp_loaded('')
#6 C:\Users\Administrator\Local Sites\harmonie\app\public\wp-includes\class-wp-hook.php(332): WP_Hook->apply_filters(NULL, Array)
#7 C:\Users\Administrator\Local Sites\harmonie\app\public\wp-includes\plugin.php(517): WP_Hook->do_action(Array)
#8 C:\Users\Administrator\Local Sites\harmonie\app\public\wp-settings.php(645): do_action('wp_loaded')
#9 C:\Users\Administrator\Local Sites\harmonie\app\public\wp-config.php(94): require_once('C:\\Users\\Admini...')
#10 C:\Users\Administrator\Local Sites\harmonie\app\public\wp-load.php(50): require_once('C:\\Users\\Admini...')
#11 C:\Users\Administrator\Local Sites\harmonie\app\public\wp-admin\admin-ajax.php(22): require_once('C:\\Users\\Admini...')
#12 {main}
  thrown in C:\Users\Administrator\Local Sites\harmonie\app\public\wp-content\themes\Harmonie\inc\customizer\footer-offer.php on line 35

2023-05-03T14:58:11+00:00 CRITICAL Uncaught Error: Cannot use object of type WP_Post as array in C:\Users\Administrator\Local Sites\harmonie\app\public\wp-content\themes\Harmonie\inc\customizer\footer-offer.php:35
Stack trace:
#0 C:\Users\Administrator\Local Sites\harmonie\app\public\wp-content\themes\Harmonie\inc\customizer\customizer.php(15): require()
#1 C:\Users\Administrator\Local Sites\harmonie\app\public\wp-includes\class-wp-hook.php(308): harmonie_customizer_register(Object(WP_Customize_Manager))
#2 C:\Users\Administrator\Local Sites\harmonie\app\public\wp-includes\class-wp-hook.php(332): WP_Hook->apply_filters(NULL, Array)
#3 C:\Users\Administrator\Local Sites\harmonie\app\public\wp-includes\plugin.php(517): WP_Hook->do_action(Array)
#4 C:\Users\Administrator\Local Sites\harmonie\app\public\wp-includes\class-wp-customize-manager.php(934): do_action('customize_regis...', Object(WP_Customize_Manager))
#5 C:\Users\Administrator\Local Sites\harmonie\app\public\wp-includes\class-wp-hook.php(308): WP_Customize_Manager->wp_loaded('')
#6 C:\Users\Administrator\Local Sites\harmonie\app\public\wp-includes\class-wp-hook.php(332): WP_Hook->apply_filters(NULL, Array)
#7 C:\Users\Administrator\Local Sites\harmonie\app\public\wp-includes\plugin.php(517): WP_Hook->do_action(Array)
#8 C:\Users\Administrator\Local Sites\harmonie\app\public\wp-settings.php(645): do_action('wp_loaded')
#9 C:\Users\Administrator\Local Sites\harmonie\app\public\wp-config.php(94): require_once('C:\\Users\\Admini...')
#10 C:\Users\Administrator\Local Sites\harmonie\app\public\wp-load.php(50): require_once('C:\\Users\\Admini...')
#11 C:\Users\Administrator\Local Sites\harmonie\app\public\wp-admin\admin.php(34): require_once('C:\\Users\\Admini...')
#12 C:\Users\Administrator\Local Sites\harmonie\app\public\wp-admin\customize.php(13): require_once('C:\\Users\\Admini...')
#13 {main}
  thrown in C:\Users\Administrator\Local Sites\harmonie\app\public\wp-content\themes\Harmonie\inc\customizer\footer-offer.php on line 35

2023-05-03T14:59:32+00:00 CRITICAL Uncaught Error: Cannot use object of type WP_Post as array in C:\Users\Administrator\Local Sites\harmonie\app\public\wp-content\themes\Harmonie\inc\customizer\footer-offer.php:37
Stack trace:
#0 C:\Users\Administrator\Local Sites\harmonie\app\public\wp-content\themes\Harmonie\inc\customizer\customizer.php(15): require()
#1 C:\Users\Administrator\Local Sites\harmonie\app\public\wp-includes\class-wp-hook.php(308): harmonie_customizer_register(Object(WP_Customize_Manager))
#2 C:\Users\Administrator\Local Sites\harmonie\app\public\wp-includes\class-wp-hook.php(332): WP_Hook->apply_filters(NULL, Array)
#3 C:\Users\Administrator\Local Sites\harmonie\app\public\wp-includes\plugin.php(517): WP_Hook->do_action(Array)
#4 C:\Users\Administrator\Local Sites\harmonie\app\public\wp-includes\class-wp-customize-manager.php(934): do_action('customize_regis...', Object(WP_Customize_Manager))
#5 C:\Users\Administrator\Local Sites\harmonie\app\public\wp-includes\class-wp-hook.php(308): WP_Customize_Manager->wp_loaded('')
#6 C:\Users\Administrator\Local Sites\harmonie\app\public\wp-includes\class-wp-hook.php(332): WP_Hook->apply_filters(NULL, Array)
#7 C:\Users\Administrator\Local Sites\harmonie\app\public\wp-includes\plugin.php(517): WP_Hook->do_action(Array)
#8 C:\Users\Administrator\Local Sites\harmonie\app\public\wp-settings.php(645): do_action('wp_loaded')
#9 C:\Users\Administrator\Local Sites\harmonie\app\public\wp-config.php(94): require_once('C:\\Users\\Admini...')
#10 C:\Users\Administrator\Local Sites\harmonie\app\public\wp-load.php(50): require_once('C:\\Users\\Admini...')
#11 C:\Users\Administrator\Local Sites\harmonie\app\public\wp-admin\admin.php(34): require_once('C:\\Users\\Admini...')
#12 C:\Users\Administrator\Local Sites\harmonie\app\public\wp-admin\customize.php(13): require_once('C:\\Users\\Admini...')
#13 {main}
  thrown in C:\Users\Administrator\Local Sites\harmonie\app\public\wp-content\themes\Harmonie\inc\customizer\footer-offer.php on line 37

2023-05-03T15:00:07+00:00 CRITICAL Uncaught Error: Cannot use object of type WP_Post as array in C:\Users\Administrator\Local Sites\harmonie\app\public\wp-content\themes\Harmonie\inc\customizer\footer-offer.php:37
Stack trace:
#0 C:\Users\Administrator\Local Sites\harmonie\app\public\wp-content\themes\Harmonie\inc\customizer\customizer.php(15): require()
#1 C:\Users\Administrator\Local Sites\harmonie\app\public\wp-includes\class-wp-hook.php(308): harmonie_customizer_register(Object(WP_Customize_Manager))
#2 C:\Users\Administrator\Local Sites\harmonie\app\public\wp-includes\class-wp-hook.php(332): WP_Hook->apply_filters(NULL, Array)
#3 C:\Users\Administrator\Local Sites\harmonie\app\public\wp-includes\plugin.php(517): WP_Hook->do_action(Array)
#4 C:\Users\Administrator\Local Sites\harmonie\app\public\wp-includes\class-wp-customize-manager.php(934): do_action('customize_regis...', Object(WP_Customize_Manager))
#5 C:\Users\Administrator\Local Sites\harmonie\app\public\wp-includes\class-wp-hook.php(308): WP_Customize_Manager->wp_loaded('')
#6 C:\Users\Administrator\Local Sites\harmonie\app\public\wp-includes\class-wp-hook.php(332): WP_Hook->apply_filters(NULL, Array)
#7 C:\Users\Administrator\Local Sites\harmonie\app\public\wp-includes\plugin.php(517): WP_Hook->do_action(Array)
#8 C:\Users\Administrator\Local Sites\harmonie\app\public\wp-settings.php(645): do_action('wp_loaded')
#9 C:\Users\Administrator\Local Sites\harmonie\app\public\wp-config.php(94): require_once('C:\\Users\\Admini...')
#10 C:\Users\Administrator\Local Sites\harmonie\app\public\wp-load.php(50): require_once('C:\\Users\\Admini...')
#11 C:\Users\Administrator\Local Sites\harmonie\app\public\wp-admin\admin.php(34): require_once('C:\\Users\\Admini...')
#12 C:\Users\Administrator\Local Sites\harmonie\app\public\wp-admin\customize.php(13): require_once('C:\\Users\\Admini...')
#13 {main}
  thrown in C:\Users\Administrator\Local Sites\harmonie\app\public\wp-content\themes\Harmonie\inc\customizer\footer-offer.php on line 37

