2023-05-08T12:17:52+00:00 CRITICAL Uncaught Error: Call to a member function get_id() on null in C:\Users\Administrator\Local Sites\harmonie\app\public\wp-content\themes\Harmonie\inc\woo_hooks\single-product-hooks.php:394
Stack trace:
#0 C:\Users\Administrator\Local Sites\harmonie\app\public\wp-includes\class-wp-hook.php(308): add_to_wishlist('')
#1 C:\Users\Administrator\Local Sites\harmonie\app\public\wp-includes\class-wp-hook.php(332): WP_Hook->apply_filters('', Array)
#2 C:\Users\Administrator\Local Sites\harmonie\app\public\wp-includes\plugin.php(517): WP_Hook->do_action(Array)
#3 C:\Users\Administrator\Local Sites\harmonie\app\public\wp-content\themes\Harmonie\woocommerce\single-product\add-to-cart\variation-add-to-cart-button.php(34): do_action('woocommerce_aft...')
#4 C:\Users\Administrator\Local Sites\harmonie\app\public\wp-content\plugins\woocommerce\includes\wc-core-functions.php(345): include('C:\\Users\\Admini...')
#5 C:\Users\Administrator\Local Sites\harmonie\app\public\wp-content\plugins\woocommerce\includes\wc-template-functions.php(3085): wc_get_template('single-product/...')
#6 C:\Users\Administrator\Local Sites\harmonie\app\public\wp-includes\class-wp-hook.php(308): woocommerce_single_variation_add_to_cart_button('')
#7 C:\Users\Administrator\Local Sites\harmonie\app\public\wp-includes\class-wp-hook.php(332): WP_Hook->apply_filters(NULL, Array)
#8 C:\Users\Administrator\Local Sites\harmonie\app\public\wp-includes\plugin.php(517): WP_Hook->do_action(Array)
#9 C:\Users\Administrator\Local Sites\harmonie\app\public\wp-content\themes\Harmonie\woocommerce\single-product\add-to-cart\variable.php(78): do_action('woocommerce_sin...')
#10 C:\Users\Administrator\Local Sites\harmonie\app\public\wp-content\plugins\woocommerce\includes\wc-core-functions.php(345): include('C:\\Users\\Admini...')
#11 C:\Users\Administrator\Local Sites\harmonie\app\public\wp-content\plugins\woocommerce\includes\wc-template-functions.php(1748): wc_get_template('single-product/...', Array)
#12 C:\Users\Administrator\Local Sites\harmonie\app\public\wp-includes\class-wp-hook.php(308): woocommerce_variable_add_to_cart('')
#13 C:\Users\Administrator\Local Sites\harmonie\app\public\wp-includes\class-wp-hook.php(332): WP_Hook->apply_filters('', Array)
#14 C:\Users\Administrator\Local Sites\harmonie\app\public\wp-includes\plugin.php(517): WP_Hook->do_action(Array)
#15 C:\Users\Administrator\Local Sites\harmonie\app\public\wp-content\plugins\woocommerce\includes\wc-template-functions.php(1694): do_action('woocommerce_var...')
#16 C:\Users\Administrator\Local Sites\harmonie\app\public\wp-includes\class-wp-hook.php(308): woocommerce_template_single_add_to_cart('')
#17 C:\Users\Administrator\Local Sites\harmonie\app\public\wp-includes\class-wp-hook.php(332): WP_Hook->apply_filters(NULL, Array)
#18 C:\Users\Administrator\Local Sites\harmonie\app\public\wp-includes\plugin.php(517): WP_Hook->do_action(Array)
#19 C:\Users\Administrator\Local Sites\harmonie\app\public\wp-content\themes\Harmonie\woocommerce\content-single-product.php(69): do_action('woocommerce_sin...')
#20 C:\Users\Administrator\Local Sites\harmonie\app\public\wp-includes\template.php(785): require('C:\\Users\\Admini...')
#21 C:\Users\Administrator\Local Sites\harmonie\app\public\wp-content\plugins\woocommerce\includes\wc-core-functions.php(284): load_template('C:\\Users\\Admini...', false)
#22 C:\Users\Administrator\Local Sites\harmonie\app\public\wp-content\themes\Harmonie\single-product.php(19): wc_get_template_part('content', 'single-product')
#23 C:\Users\Administrator\Local Sites\harmonie\app\public\wp-includes\template-loader.php(106): include('C:\\Users\\Admini...')
#24 C:\Users\Administrator\Local Sites\harmonie\app\public\wp-blog-header.php(19): require_once('C:\\Users\\Admini...')
#25 C:\Users\Administrator\Local Sites\harmonie\app\public\index.php(17): require('C:\\Users\\Admini...')
#26 {main}
  thrown in C:\Users\Administrator\Local Sites\harmonie\app\public\wp-content\themes\Harmonie\inc\woo_hooks\single-product-hooks.php on line 394

2023-05-08T12:18:13+00:00 CRITICAL Uncaught Error: Call to a member function get_id() on string in C:\Users\Administrator\Local Sites\harmonie\app\public\wp-content\themes\Harmonie\inc\woo_hooks\single-product-hooks.php:394
Stack trace:
#0 C:\Users\Administrator\Local Sites\harmonie\app\public\wp-includes\class-wp-hook.php(308): add_to_wishlist('')
#1 C:\Users\Administrator\Local Sites\harmonie\app\public\wp-includes\class-wp-hook.php(332): WP_Hook->apply_filters('', Array)
#2 C:\Users\Administrator\Local Sites\harmonie\app\public\wp-includes\plugin.php(517): WP_Hook->do_action(Array)
#3 C:\Users\Administrator\Local Sites\harmonie\app\public\wp-content\themes\Harmonie\woocommerce\single-product\add-to-cart\variation-add-to-cart-button.php(34): do_action('woocommerce_aft...')
#4 C:\Users\Administrator\Local Sites\harmonie\app\public\wp-content\plugins\woocommerce\includes\wc-core-functions.php(345): include('C:\\Users\\Admini...')
#5 C:\Users\Administrator\Local Sites\harmonie\app\public\wp-content\plugins\woocommerce\includes\wc-template-functions.php(3085): wc_get_template('single-product/...')
#6 C:\Users\Administrator\Local Sites\harmonie\app\public\wp-includes\class-wp-hook.php(308): woocommerce_single_variation_add_to_cart_button('')
#7 C:\Users\Administrator\Local Sites\harmonie\app\public\wp-includes\class-wp-hook.php(332): WP_Hook->apply_filters(NULL, Array)
#8 C:\Users\Administrator\Local Sites\harmonie\app\public\wp-includes\plugin.php(517): WP_Hook->do_action(Array)
#9 C:\Users\Administrator\Local Sites\harmonie\app\public\wp-content\themes\Harmonie\woocommerce\single-product\add-to-cart\variable.php(78): do_action('woocommerce_sin...')
#10 C:\Users\Administrator\Local Sites\harmonie\app\public\wp-content\plugins\woocommerce\includes\wc-core-functions.php(345): include('C:\\Users\\Admini...')
#11 C:\Users\Administrator\Local Sites\harmonie\app\public\wp-content\plugins\woocommerce\includes\wc-template-functions.php(1748): wc_get_template('single-product/...', Array)
#12 C:\Users\Administrator\Local Sites\harmonie\app\public\wp-includes\class-wp-hook.php(308): woocommerce_variable_add_to_cart('')
#13 C:\Users\Administrator\Local Sites\harmonie\app\public\wp-includes\class-wp-hook.php(332): WP_Hook->apply_filters('', Array)
#14 C:\Users\Administrator\Local Sites\harmonie\app\public\wp-includes\plugin.php(517): WP_Hook->do_action(Array)
#15 C:\Users\Administrator\Local Sites\harmonie\app\public\wp-content\plugins\woocommerce\includes\wc-template-functions.php(1694): do_action('woocommerce_var...')
#16 C:\Users\Administrator\Local Sites\harmonie\app\public\wp-includes\class-wp-hook.php(308): woocommerce_template_single_add_to_cart('')
#17 C:\Users\Administrator\Local Sites\harmonie\app\public\wp-includes\class-wp-hook.php(332): WP_Hook->apply_filters(NULL, Array)
#18 C:\Users\Administrator\Local Sites\harmonie\app\public\wp-includes\plugin.php(517): WP_Hook->do_action(Array)
#19 C:\Users\Administrator\Local Sites\harmonie\app\public\wp-content\themes\Harmonie\woocommerce\content-single-product.php(69): do_action('woocommerce_sin...')
#20 C:\Users\Administrator\Local Sites\harmonie\app\public\wp-includes\template.php(785): require('C:\\Users\\Admini...')
#21 C:\Users\Administrator\Local Sites\harmonie\app\public\wp-content\plugins\woocommerce\includes\wc-core-functions.php(284): load_template('C:\\Users\\Admini...', false)
#22 C:\Users\Administrator\Local Sites\harmonie\app\public\wp-content\themes\Harmonie\single-product.php(19): wc_get_template_part('content', 'single-product')
#23 C:\Users\Administrator\Local Sites\harmonie\app\public\wp-includes\template-loader.php(106): include('C:\\Users\\Admini...')
#24 C:\Users\Administrator\Local Sites\harmonie\app\public\wp-blog-header.php(19): require_once('C:\\Users\\Admini...')
#25 C:\Users\Administrator\Local Sites\harmonie\app\public\index.php(17): require('C:\\Users\\Admini...')
#26 {main}
  thrown in C:\Users\Administrator\Local Sites\harmonie\app\public\wp-content\themes\Harmonie\inc\woo_hooks\single-product-hooks.php on line 394

2023-05-08T12:19:04+00:00 CRITICAL Uncaught Error: Call to a member function get_id() on string in C:\Users\Administrator\Local Sites\harmonie\app\public\wp-content\themes\Harmonie\inc\woo_hooks\single-product-hooks.php:394
Stack trace:
#0 C:\Users\Administrator\Local Sites\harmonie\app\public\wp-includes\class-wp-hook.php(308): add_to_wishlist('')
#1 C:\Users\Administrator\Local Sites\harmonie\app\public\wp-includes\class-wp-hook.php(332): WP_Hook->apply_filters('', Array)
#2 C:\Users\Administrator\Local Sites\harmonie\app\public\wp-includes\plugin.php(517): WP_Hook->do_action(Array)
#3 C:\Users\Administrator\Local Sites\harmonie\app\public\wp-content\themes\Harmonie\woocommerce\single-product\add-to-cart\variation-add-to-cart-button.php(34): do_action('woocommerce_aft...')
#4 C:\Users\Administrator\Local Sites\harmonie\app\public\wp-content\plugins\woocommerce\includes\wc-core-functions.php(345): include('C:\\Users\\Admini...')
#5 C:\Users\Administrator\Local Sites\harmonie\app\public\wp-content\plugins\woocommerce\includes\wc-template-functions.php(3085): wc_get_template('single-product/...')
#6 C:\Users\Administrator\Local Sites\harmonie\app\public\wp-includes\class-wp-hook.php(308): woocommerce_single_variation_add_to_cart_button('')
#7 C:\Users\Administrator\Local Sites\harmonie\app\public\wp-includes\class-wp-hook.php(332): WP_Hook->apply_filters(NULL, Array)
#8 C:\Users\Administrator\Local Sites\harmonie\app\public\wp-includes\plugin.php(517): WP_Hook->do_action(Array)
#9 C:\Users\Administrator\Local Sites\harmonie\app\public\wp-content\themes\Harmonie\woocommerce\single-product\add-to-cart\variable.php(78): do_action('woocommerce_sin...')
#10 C:\Users\Administrator\Local Sites\harmonie\app\public\wp-content\plugins\woocommerce\includes\wc-core-functions.php(345): include('C:\\Users\\Admini...')
#11 C:\Users\Administrator\Local Sites\harmonie\app\public\wp-content\plugins\woocommerce\includes\wc-template-functions.php(1748): wc_get_template('single-product/...', Array)
#12 C:\Users\Administrator\Local Sites\harmonie\app\public\wp-includes\class-wp-hook.php(308): woocommerce_variable_add_to_cart('')
#13 C:\Users\Administrator\Local Sites\harmonie\app\public\wp-includes\class-wp-hook.php(332): WP_Hook->apply_filters('', Array)
#14 C:\Users\Administrator\Local Sites\harmonie\app\public\wp-includes\plugin.php(517): WP_Hook->do_action(Array)
#15 C:\Users\Administrator\Local Sites\harmonie\app\public\wp-content\plugins\woocommerce\includes\wc-template-functions.php(1694): do_action('woocommerce_var...')
#16 C:\Users\Administrator\Local Sites\harmonie\app\public\wp-includes\class-wp-hook.php(308): woocommerce_template_single_add_to_cart('')
#17 C:\Users\Administrator\Local Sites\harmonie\app\public\wp-includes\class-wp-hook.php(332): WP_Hook->apply_filters(NULL, Array)
#18 C:\Users\Administrator\Local Sites\harmonie\app\public\wp-includes\plugin.php(517): WP_Hook->do_action(Array)
#19 C:\Users\Administrator\Local Sites\harmonie\app\public\wp-content\themes\Harmonie\woocommerce\content-single-product.php(69): do_action('woocommerce_sin...')
#20 C:\Users\Administrator\Local Sites\harmonie\app\public\wp-includes\template.php(785): require('C:\\Users\\Admini...')
#21 C:\Users\Administrator\Local Sites\harmonie\app\public\wp-content\plugins\woocommerce\includes\wc-core-functions.php(284): load_template('C:\\Users\\Admini...', false)
#22 C:\Users\Administrator\Local Sites\harmonie\app\public\wp-content\themes\Harmonie\single-product.php(19): wc_get_template_part('content', 'single-product')
#23 C:\Users\Administrator\Local Sites\harmonie\app\public\wp-includes\template-loader.php(106): include('C:\\Users\\Admini...')
#24 C:\Users\Administrator\Local Sites\harmonie\app\public\wp-blog-header.php(19): require_once('C:\\Users\\Admini...')
#25 C:\Users\Administrator\Local Sites\harmonie\app\public\index.php(17): require('C:\\Users\\Admini...')
#26 {main}
  thrown in C:\Users\Administrator\Local Sites\harmonie\app\public\wp-content\themes\Harmonie\inc\woo_hooks\single-product-hooks.php on line 394

2023-05-08T12:19:29+00:00 CRITICAL Uncaught Error: Call to a member function get_id() on string in C:\Users\Administrator\Local Sites\harmonie\app\public\wp-content\themes\Harmonie\inc\woo_hooks\single-product-hooks.php:394
Stack trace:
#0 C:\Users\Administrator\Local Sites\harmonie\app\public\wp-includes\class-wp-hook.php(308): add_to_wishlist('')
#1 C:\Users\Administrator\Local Sites\harmonie\app\public\wp-includes\class-wp-hook.php(332): WP_Hook->apply_filters('', Array)
#2 C:\Users\Administrator\Local Sites\harmonie\app\public\wp-includes\plugin.php(517): WP_Hook->do_action(Array)
#3 C:\Users\Administrator\Local Sites\harmonie\app\public\wp-content\themes\Harmonie\woocommerce\single-product\add-to-cart\variation-add-to-cart-button.php(34): do_action('woocommerce_aft...')
#4 C:\Users\Administrator\Local Sites\harmonie\app\public\wp-content\plugins\woocommerce\includes\wc-core-functions.php(345): include('C:\\Users\\Admini...')
#5 C:\Users\Administrator\Local Sites\harmonie\app\public\wp-content\plugins\woocommerce\includes\wc-template-functions.php(3085): wc_get_template('single-product/...')
#6 C:\Users\Administrator\Local Sites\harmonie\app\public\wp-includes\class-wp-hook.php(308): woocommerce_single_variation_add_to_cart_button('')
#7 C:\Users\Administrator\Local Sites\harmonie\app\public\wp-includes\class-wp-hook.php(332): WP_Hook->apply_filters(NULL, Array)
#8 C:\Users\Administrator\Local Sites\harmonie\app\public\wp-includes\plugin.php(517): WP_Hook->do_action(Array)
#9 C:\Users\Administrator\Local Sites\harmonie\app\public\wp-content\themes\Harmonie\woocommerce\single-product\add-to-cart\variable.php(78): do_action('woocommerce_sin...')
#10 C:\Users\Administrator\Local Sites\harmonie\app\public\wp-content\plugins\woocommerce\includes\wc-core-functions.php(345): include('C:\\Users\\Admini...')
#11 C:\Users\Administrator\Local Sites\harmonie\app\public\wp-content\plugins\woocommerce\includes\wc-template-functions.php(1748): wc_get_template('single-product/...', Array)
#12 C:\Users\Administrator\Local Sites\harmonie\app\public\wp-includes\class-wp-hook.php(308): woocommerce_variable_add_to_cart('')
#13 C:\Users\Administrator\Local Sites\harmonie\app\public\wp-includes\class-wp-hook.php(332): WP_Hook->apply_filters('', Array)
#14 C:\Users\Administrator\Local Sites\harmonie\app\public\wp-includes\plugin.php(517): WP_Hook->do_action(Array)
#15 C:\Users\Administrator\Local Sites\harmonie\app\public\wp-content\plugins\woocommerce\includes\wc-template-functions.php(1694): do_action('woocommerce_var...')
#16 C:\Users\Administrator\Local Sites\harmonie\app\public\wp-includes\class-wp-hook.php(308): woocommerce_template_single_add_to_cart('')
#17 C:\Users\Administrator\Local Sites\harmonie\app\public\wp-includes\class-wp-hook.php(332): WP_Hook->apply_filters(NULL, Array)
#18 C:\Users\Administrator\Local Sites\harmonie\app\public\wp-includes\plugin.php(517): WP_Hook->do_action(Array)
#19 C:\Users\Administrator\Local Sites\harmonie\app\public\wp-content\themes\Harmonie\woocommerce\content-single-product.php(69): do_action('woocommerce_sin...')
#20 C:\Users\Administrator\Local Sites\harmonie\app\public\wp-includes\template.php(785): require('C:\\Users\\Admini...')
#21 C:\Users\Administrator\Local Sites\harmonie\app\public\wp-content\plugins\woocommerce\includes\wc-core-functions.php(284): load_template('C:\\Users\\Admini...', false)
#22 C:\Users\Administrator\Local Sites\harmonie\app\public\wp-content\themes\Harmonie\single-product.php(19): wc_get_template_part('content', 'single-product')
#23 C:\Users\Administrator\Local Sites\harmonie\app\public\wp-includes\template-loader.php(106): include('C:\\Users\\Admini...')
#24 C:\Users\Administrator\Local Sites\harmonie\app\public\wp-blog-header.php(19): require_once('C:\\Users\\Admini...')
#25 C:\Users\Administrator\Local Sites\harmonie\app\public\index.php(17): require('C:\\Users\\Admini...')
#26 {main}
  thrown in C:\Users\Administrator\Local Sites\harmonie\app\public\wp-content\themes\Harmonie\inc\woo_hooks\single-product-hooks.php on line 394

2023-05-08T12:21:23+00:00 CRITICAL Uncaught Error: Call to a member function get_id() on string in C:\Users\Administrator\Local Sites\harmonie\app\public\wp-content\themes\Harmonie\inc\woo_hooks\single-product-hooks.php:394
Stack trace:
#0 C:\Users\Administrator\Local Sites\harmonie\app\public\wp-includes\class-wp-hook.php(308): add_to_wishlist('')
#1 C:\Users\Administrator\Local Sites\harmonie\app\public\wp-includes\class-wp-hook.php(332): WP_Hook->apply_filters('', Array)
#2 C:\Users\Administrator\Local Sites\harmonie\app\public\wp-includes\plugin.php(517): WP_Hook->do_action(Array)
#3 C:\Users\Administrator\Local Sites\harmonie\app\public\wp-content\themes\Harmonie\woocommerce\single-product\add-to-cart\simple.php(54): do_action('woocommerce_aft...')
#4 C:\Users\Administrator\Local Sites\harmonie\app\public\wp-content\plugins\woocommerce\includes\wc-core-functions.php(345): include('C:\\Users\\Admini...')
#5 C:\Users\Administrator\Local Sites\harmonie\app\public\wp-content\plugins\woocommerce\includes\wc-template-functions.php(1703): wc_get_template('single-product/...')
#6 C:\Users\Administrator\Local Sites\harmonie\app\public\wp-includes\class-wp-hook.php(308): woocommerce_simple_add_to_cart('')
#7 C:\Users\Administrator\Local Sites\harmonie\app\public\wp-includes\class-wp-hook.php(332): WP_Hook->apply_filters('', Array)
#8 C:\Users\Administrator\Local Sites\harmonie\app\public\wp-includes\plugin.php(517): WP_Hook->do_action(Array)
#9 C:\Users\Administrator\Local Sites\harmonie\app\public\wp-content\plugins\woocommerce\includes\wc-template-functions.php(1694): do_action('woocommerce_sim...')
#10 C:\Users\Administrator\Local Sites\harmonie\app\public\wp-includes\class-wp-hook.php(308): woocommerce_template_single_add_to_cart('')
#11 C:\Users\Administrator\Local Sites\harmonie\app\public\wp-includes\class-wp-hook.php(332): WP_Hook->apply_filters(NULL, Array)
#12 C:\Users\Administrator\Local Sites\harmonie\app\public\wp-includes\plugin.php(517): WP_Hook->do_action(Array)
#13 C:\Users\Administrator\Local Sites\harmonie\app\public\wp-content\themes\Harmonie\woocommerce\content-single-product.php(69): do_action('woocommerce_sin...')
#14 C:\Users\Administrator\Local Sites\harmonie\app\public\wp-includes\template.php(785): require('C:\\Users\\Admini...')
#15 C:\Users\Administrator\Local Sites\harmonie\app\public\wp-content\plugins\woocommerce\includes\wc-core-functions.php(284): load_template('C:\\Users\\Admini...', false)
#16 C:\Users\Administrator\Local Sites\harmonie\app\public\wp-content\themes\Harmonie\single-product.php(19): wc_get_template_part('content', 'single-product')
#17 C:\Users\Administrator\Local Sites\harmonie\app\public\wp-includes\template-loader.php(106): include('C:\\Users\\Admini...')
#18 C:\Users\Administrator\Local Sites\harmonie\app\public\wp-blog-header.php(19): require_once('C:\\Users\\Admini...')
#19 C:\Users\Administrator\Local Sites\harmonie\app\public\index.php(17): require('C:\\Users\\Admini...')
#20 {main}
  thrown in C:\Users\Administrator\Local Sites\harmonie\app\public\wp-content\themes\Harmonie\inc\woo_hooks\single-product-hooks.php on line 394

