2023-04-17T14:42:28+00:00 CRITICAL Uncaught Error: Call to undefined function hr_get_account_formatted_address() in C:\Users\Administrator\Local Sites\harmonie\app\public\wp-content\themes\Harmonie\woocommerce\myaccount\my-address.php:60
Stack trace:
#0 C:\Users\Administrator\Local Sites\harmonie\app\public\wp-content\plugins\woocommerce\includes\wc-core-functions.php(345): include()
#1 C:\Users\Administrator\Local Sites\harmonie\app\public\wp-content\themes\Harmonie\woocommerce\myaccount\form-edit-address.php(25): wc_get_template('myaccount/my-ad...')
#2 C:\Users\Administrator\Local Sites\harmonie\app\public\wp-content\plugins\woocommerce\includes\wc-core-functions.php(345): include('C:\\Users\\Admini...')
#3 C:\Users\Administrator\Local Sites\harmonie\app\public\wp-content\plugins\woocommerce\includes\shortcodes\class-wc-shortcode-my-account.php(220): wc_get_template('myaccount/form-...', Array)
#4 C:\Users\Administrator\Local Sites\harmonie\app\public\wp-content\plugins\woocommerce\includes\wc-template-functions.php(3399): WC_Shortcode_My_Account::edit_address('')
#5 C:\Users\Administrator\Local Sites\harmonie\app\public\wp-includes\class-wp-hook.php(308): woocommerce_account_edit_address('')
#6 C:\Users\Administrator\Local Sites\harmonie\app\public\wp-includes\class-wp-hook.php(332): WP_Hook->apply_filters('', Array)
#7 C:\Users\Administrator\Local Sites\harmonie\app\public\wp-includes\plugin.php(517): WP_Hook->do_action(Array)
#8 C:\Users\Administrator\Local Sites\harmonie\app\public\wp-content\plugins\woocommerce\includes\wc-template-functions.php(3304): do_action('woocommerce_acc...', '')
#9 C:\Users\Administrator\Local Sites\harmonie\app\public\wp-includes\class-wp-hook.php(308): woocommerce_account_content('')
#10 C:\Users\Administrator\Local Sites\harmonie\app\public\wp-includes\class-wp-hook.php(332): WP_Hook->apply_filters(NULL, Array)
#11 C:\Users\Administrator\Local Sites\harmonie\app\public\wp-includes\plugin.php(517): WP_Hook->do_action(Array)
#12 C:\Users\Administrator\Local Sites\harmonie\app\public\wp-content\themes\Harmonie\page-my-account.php(22): do_action('woocommerce_acc...')
#13 C:\Users\Administrator\Local Sites\harmonie\app\public\wp-includes\template-loader.php(106): include('C:\\Users\\Admini...')
#14 C:\Users\Administrator\Local Sites\harmonie\app\public\wp-blog-header.php(19): require_once('C:\\Users\\Admini...')
#15 C:\Users\Administrator\Local Sites\harmonie\app\public\index.php(17): require('C:\\Users\\Admini...')
#16 {main}
  thrown in C:\Users\Administrator\Local Sites\harmonie\app\public\wp-content\themes\Harmonie\woocommerce\myaccount\my-address.php on line 60

2023-04-17T14:52:07+00:00 CRITICAL Uncaught Error: Call to undefined function hr_get_account_formatted_address() in C:\Users\Administrator\Local Sites\harmonie\app\public\wp-content\themes\Harmonie\woocommerce\myaccount\my-address.php:60
Stack trace:
#0 C:\Users\Administrator\Local Sites\harmonie\app\public\wp-content\plugins\woocommerce\includes\wc-core-functions.php(345): include()
#1 C:\Users\Administrator\Local Sites\harmonie\app\public\wp-content\themes\Harmonie\woocommerce\myaccount\form-edit-address.php(25): wc_get_template('myaccount/my-ad...')
#2 C:\Users\Administrator\Local Sites\harmonie\app\public\wp-content\plugins\woocommerce\includes\wc-core-functions.php(345): include('C:\\Users\\Admini...')
#3 C:\Users\Administrator\Local Sites\harmonie\app\public\wp-content\plugins\woocommerce\includes\shortcodes\class-wc-shortcode-my-account.php(220): wc_get_template('myaccount/form-...', Array)
#4 C:\Users\Administrator\Local Sites\harmonie\app\public\wp-content\plugins\woocommerce\includes\wc-template-functions.php(3399): WC_Shortcode_My_Account::edit_address('')
#5 C:\Users\Administrator\Local Sites\harmonie\app\public\wp-includes\class-wp-hook.php(308): woocommerce_account_edit_address('')
#6 C:\Users\Administrator\Local Sites\harmonie\app\public\wp-includes\class-wp-hook.php(332): WP_Hook->apply_filters('', Array)
#7 C:\Users\Administrator\Local Sites\harmonie\app\public\wp-includes\plugin.php(517): WP_Hook->do_action(Array)
#8 C:\Users\Administrator\Local Sites\harmonie\app\public\wp-content\plugins\woocommerce\includes\wc-template-functions.php(3304): do_action('woocommerce_acc...', '')
#9 C:\Users\Administrator\Local Sites\harmonie\app\public\wp-includes\class-wp-hook.php(308): woocommerce_account_content('')
#10 C:\Users\Administrator\Local Sites\harmonie\app\public\wp-includes\class-wp-hook.php(332): WP_Hook->apply_filters(NULL, Array)
#11 C:\Users\Administrator\Local Sites\harmonie\app\public\wp-includes\plugin.php(517): WP_Hook->do_action(Array)
#12 C:\Users\Administrator\Local Sites\harmonie\app\public\wp-content\themes\Harmonie\page-my-account.php(22): do_action('woocommerce_acc...')
#13 C:\Users\Administrator\Local Sites\harmonie\app\public\wp-includes\template-loader.php(106): include('C:\\Users\\Admini...')
#14 C:\Users\Administrator\Local Sites\harmonie\app\public\wp-blog-header.php(19): require_once('C:\\Users\\Admini...')
#15 C:\Users\Administrator\Local Sites\harmonie\app\public\index.php(17): require('C:\\Users\\Admini...')
#16 {main}
  thrown in C:\Users\Administrator\Local Sites\harmonie\app\public\wp-content\themes\Harmonie\woocommerce\myaccount\my-address.php on line 60

2023-04-17T16:06:03+00:00 CRITICAL syntax error, unexpected variable "$col" in C:\Users\Administrator\Local Sites\harmonie\app\public\wp-content\themes\Harmonie\woocommerce\myaccount\my-address.php on line 62

