2023-05-07T11:58:53+00:00 CRITICAL Uncaught TypeError: array_keys(): Argument #1 ($array) must be of type array, null given in C:\Users\Administrator\Local Sites\harmonie\app\public\wp-includes\class-wpdb.php:2652
Stack trace:
#0 C:\Users\Administrator\Local Sites\harmonie\app\public\wp-includes\class-wpdb.php(2652): array_keys(NULL)
#1 C:\Users\Administrator\Local Sites\harmonie\app\public\wp-includes\class-wpdb.php(2570): wpdb->_insert_replace_helper('wp_posts', NULL, NULL, 'INSERT')
#2 C:\Users\Administrator\Local Sites\harmonie\app\public\wp-includes\post.php(4456): wpdb->insert('wp_posts', NULL)
#3 C:\Users\Administrator\Local Sites\harmonie\app\public\wp-content\themes\Harmonie\inc\my-functions\wishlist-route.php(37): wp_insert_post(Array)
#4 C:\Users\Administrator\Local Sites\harmonie\app\public\wp-includes\rest-api\class-wp-rest-server.php(1181): addToWishlist(Object(WP_REST_Request))
#5 C:\Users\Administrator\Local Sites\harmonie\app\public\wp-includes\rest-api\class-wp-rest-server.php(1028): WP_REST_Server->respond_to_request(Object(WP_REST_Request), '/ecommerce/v1/w...', Array, NULL)
#6 C:\Users\Administrator\Local Sites\harmonie\app\public\wp-includes\rest-api\class-wp-rest-server.php(442): WP_REST_Server->dispatch(Object(WP_REST_Request))
#7 C:\Users\Administrator\Local Sites\harmonie\app\public\wp-includes\rest-api.php(410): WP_REST_Server->serve_request('/ecommerce/v1/w...')
#8 C:\Users\Administrator\Local Sites\harmonie\app\public\wp-includes\class-wp-hook.php(308): rest_api_loaded(Object(WP))
#9 C:\Users\Administrator\Local Sites\harmonie\app\public\wp-includes\class-wp-hook.php(332): WP_Hook->apply_filters(NULL, Array)
#10 C:\Users\Administrator\Local Sites\harmonie\app\public\wp-includes\plugin.php(565): WP_Hook->do_action(Array)
#11 C:\Users\Administrator\Local Sites\harmonie\app\public\wp-includes\class-wp.php(399): do_action_ref_array('parse_request', Array)
#12 C:\Users\Administrator\Local Sites\harmonie\app\public\wp-includes\class-wp.php(780): WP->parse_request('')
#13 C:\Users\Administrator\Local Sites\harmonie\app\public\wp-includes\functions.php(1334): WP->main('')
#14 C:\Users\Administrator\Local Sites\harmonie\app\public\wp-blog-header.php(16): wp()
#15 C:\Users\Administrator\Local Sites\harmonie\app\public\index.php(17): require('C:\\Users\\Admini...')
#16 {main}
  thrown in C:\Users\Administrator\Local Sites\harmonie\app\public\wp-includes\class-wpdb.php on line 2652

2023-05-07T11:59:05+00:00 CRITICAL Uncaught TypeError: array_keys(): Argument #1 ($array) must be of type array, null given in C:\Users\Administrator\Local Sites\harmonie\app\public\wp-includes\class-wpdb.php:2652
Stack trace:
#0 C:\Users\Administrator\Local Sites\harmonie\app\public\wp-includes\class-wpdb.php(2652): array_keys(NULL)
#1 C:\Users\Administrator\Local Sites\harmonie\app\public\wp-includes\class-wpdb.php(2570): wpdb->_insert_replace_helper('wp_posts', NULL, NULL, 'INSERT')
#2 C:\Users\Administrator\Local Sites\harmonie\app\public\wp-includes\post.php(4456): wpdb->insert('wp_posts', NULL)
#3 C:\Users\Administrator\Local Sites\harmonie\app\public\wp-content\themes\Harmonie\inc\my-functions\wishlist-route.php(37): wp_insert_post(Array)
#4 C:\Users\Administrator\Local Sites\harmonie\app\public\wp-includes\rest-api\class-wp-rest-server.php(1181): addToWishlist(Object(WP_REST_Request))
#5 C:\Users\Administrator\Local Sites\harmonie\app\public\wp-includes\rest-api\class-wp-rest-server.php(1028): WP_REST_Server->respond_to_request(Object(WP_REST_Request), '/ecommerce/v1/w...', Array, NULL)
#6 C:\Users\Administrator\Local Sites\harmonie\app\public\wp-includes\rest-api\class-wp-rest-server.php(442): WP_REST_Server->dispatch(Object(WP_REST_Request))
#7 C:\Users\Administrator\Local Sites\harmonie\app\public\wp-includes\rest-api.php(410): WP_REST_Server->serve_request('/ecommerce/v1/w...')
#8 C:\Users\Administrator\Local Sites\harmonie\app\public\wp-includes\class-wp-hook.php(308): rest_api_loaded(Object(WP))
#9 C:\Users\Administrator\Local Sites\harmonie\app\public\wp-includes\class-wp-hook.php(332): WP_Hook->apply_filters(NULL, Array)
#10 C:\Users\Administrator\Local Sites\harmonie\app\public\wp-includes\plugin.php(565): WP_Hook->do_action(Array)
#11 C:\Users\Administrator\Local Sites\harmonie\app\public\wp-includes\class-wp.php(399): do_action_ref_array('parse_request', Array)
#12 C:\Users\Administrator\Local Sites\harmonie\app\public\wp-includes\class-wp.php(780): WP->parse_request('')
#13 C:\Users\Administrator\Local Sites\harmonie\app\public\wp-includes\functions.php(1334): WP->main('')
#14 C:\Users\Administrator\Local Sites\harmonie\app\public\wp-blog-header.php(16): wp()
#15 C:\Users\Administrator\Local Sites\harmonie\app\public\index.php(17): require('C:\\Users\\Admini...')
#16 {main}
  thrown in C:\Users\Administrator\Local Sites\harmonie\app\public\wp-includes\class-wpdb.php on line 2652

